Analysis & Synthesis report for genius
Tue Jul 10 01:21:32 2018
Quartus II 64-Bit Version 13.1.0 Build 162 10/23/2013 SJ Web Edition


---------------------
; Table of Contents ;
---------------------
  1. Legal Notice
  2. Analysis & Synthesis Summary
  3. Analysis & Synthesis Settings
  4. Parallel Compilation
  5. Analysis & Synthesis Source Files Read
  6. Analysis & Synthesis Resource Usage Summary
  7. Analysis & Synthesis Resource Utilization by Entity
  8. State Machine - |genius|control:inst|state
  9. User-Specified and Inferred Latches
 10. General Register Statistics
 11. Inverted Register Statistics
 12. Multiplexer Restructuring Statistics (Restructuring Performed)
 13. Parameter Settings for User Entity Instance: sequence:inst1
 14. Elapsed Time Per Partition
 15. Analysis & Synthesis Messages



----------------
; Legal Notice ;
----------------
Copyright (C) 1991-2013 Altera Corporation
Your use of Altera Corporation's design tools, logic functions 
and other software and tools, and its AMPP partner logic 
functions, and any output files from any of the foregoing 
(including device programming or simulation files), and any 
associated documentation or information are expressly subject 
to the terms and conditions of the Altera Program License 
Subscription Agreement, Altera MegaCore Function License 
Agreement, or other applicable license agreement, including, 
without limitation, that your use is for the sole purpose of 
programming logic devices manufactured by Altera and sold by 
Altera or its authorized distributors.  Please refer to the 
applicable agreement for further details.



+---------------------------------------------------------------------------------+
; Analysis & Synthesis Summary                                                    ;
+------------------------------------+--------------------------------------------+
; Analysis & Synthesis Status        ; Successful - Tue Jul 10 01:21:32 2018      ;
; Quartus II 64-Bit Version          ; 13.1.0 Build 162 10/23/2013 SJ Web Edition ;
; Revision Name                      ; genius                                     ;
; Top-level Entity Name              ; genius                                     ;
; Family                             ; Cyclone III                                ;
; Total logic elements               ; 208                                        ;
;     Total combinational functions  ; 205                                        ;
;     Dedicated logic registers      ; 86                                         ;
; Total registers                    ; 86                                         ;
; Total pins                         ; 24                                         ;
; Total virtual pins                 ; 0                                          ;
; Total memory bits                  ; 0                                          ;
; Embedded Multiplier 9-bit elements ; 0                                          ;
; Total PLLs                         ; 0                                          ;
+------------------------------------+--------------------------------------------+


+----------------------------------------------------------------------------------------------------------------------+
; Analysis & Synthesis Settings                                                                                        ;
+----------------------------------------------------------------------------+--------------------+--------------------+
; Option                                                                     ; Setting            ; Default Value      ;
+----------------------------------------------------------------------------+--------------------+--------------------+
; Device                                                                     ; EP3C16F484C6       ;                    ;
; Top-level entity name                                                      ; genius             ; genius             ;
; Family name                                                                ; Cyclone III        ; Cyclone IV GX      ;
; Use smart compilation                                                      ; Off                ; Off                ;
; Enable parallel Assembler and TimeQuest Timing Analyzer during compilation ; On                 ; On                 ;
; Enable compact report table                                                ; Off                ; Off                ;
; Restructure Multiplexers                                                   ; Auto               ; Auto               ;
; Create Debugging Nodes for IP Cores                                        ; Off                ; Off                ;
; Preserve fewer node names                                                  ; On                 ; On                 ;
; Disable OpenCore Plus hardware evaluation                                  ; Off                ; Off                ;
; Verilog Version                                                            ; Verilog_2001       ; Verilog_2001       ;
; VHDL Version                                                               ; VHDL_1993          ; VHDL_1993          ;
; State Machine Processing                                                   ; Auto               ; Auto               ;
; Safe State Machine                                                         ; Off                ; Off                ;
; Extract Verilog State Machines                                             ; On                 ; On                 ;
; Extract VHDL State Machines                                                ; On                 ; On                 ;
; Ignore Verilog initial constructs                                          ; Off                ; Off                ;
; Iteration limit for constant Verilog loops                                 ; 5000               ; 5000               ;
; Iteration limit for non-constant Verilog loops                             ; 250                ; 250                ;
; Add Pass-Through Logic to Inferred RAMs                                    ; On                 ; On                 ;
; Infer RAMs from Raw Logic                                                  ; On                 ; On                 ;
; Parallel Synthesis                                                         ; On                 ; On                 ;
; DSP Block Balancing                                                        ; Auto               ; Auto               ;
; NOT Gate Push-Back                                                         ; On                 ; On                 ;
; Power-Up Don't Care                                                        ; On                 ; On                 ;
; Remove Redundant Logic Cells                                               ; Off                ; Off                ;
; Remove Duplicate Registers                                                 ; On                 ; On                 ;
; Ignore CARRY Buffers                                                       ; Off                ; Off                ;
; Ignore CASCADE Buffers                                                     ; Off                ; Off                ;
; Ignore GLOBAL Buffers                                                      ; Off                ; Off                ;
; Ignore ROW GLOBAL Buffers                                                  ; Off                ; Off                ;
; Ignore LCELL Buffers                                                       ; Off                ; Off                ;
; Ignore SOFT Buffers                                                        ; On                 ; On                 ;
; Limit AHDL Integers to 32 Bits                                             ; Off                ; Off                ;
; Optimization Technique                                                     ; Balanced           ; Balanced           ;
; Carry Chain Length                                                         ; 70                 ; 70                 ;
; Auto Carry Chains                                                          ; On                 ; On                 ;
; Auto Open-Drain Pins                                                       ; On                 ; On                 ;
; Perform WYSIWYG Primitive Resynthesis                                      ; Off                ; Off                ;
; Auto ROM Replacement                                                       ; On                 ; On                 ;
; Auto RAM Replacement                                                       ; On                 ; On                 ;
; Auto DSP Block Replacement                                                 ; On                 ; On                 ;
; Auto Shift Register Replacement                                            ; Auto               ; Auto               ;
; Allow Shift Register Merging across Hierarchies                            ; Auto               ; Auto               ;
; Auto Clock Enable Replacement                                              ; On                 ; On                 ;
; Strict RAM Replacement                                                     ; Off                ; Off                ;
; Allow Synchronous Control Signals                                          ; On                 ; On                 ;
; Force Use of Synchronous Clear Signals                                     ; Off                ; Off                ;
; Auto RAM Block Balancing                                                   ; On                 ; On                 ;
; Auto RAM to Logic Cell Conversion                                          ; Off                ; Off                ;
; Auto Resource Sharing                                                      ; Off                ; Off                ;
; Allow Any RAM Size For Recognition                                         ; Off                ; Off                ;
; Allow Any ROM Size For Recognition                                         ; Off                ; Off                ;
; Allow Any Shift Register Size For Recognition                              ; Off                ; Off                ;
; Use LogicLock Constraints during Resource Balancing                        ; On                 ; On                 ;
; Ignore translate_off and synthesis_off directives                          ; Off                ; Off                ;
; Timing-Driven Synthesis                                                    ; On                 ; On                 ;
; Report Parameter Settings                                                  ; On                 ; On                 ;
; Report Source Assignments                                                  ; On                 ; On                 ;
; Report Connectivity Checks                                                 ; On                 ; On                 ;
; Ignore Maximum Fan-Out Assignments                                         ; Off                ; Off                ;
; Synchronization Register Chain Length                                      ; 2                  ; 2                  ;
; PowerPlay Power Optimization                                               ; Normal compilation ; Normal compilation ;
; HDL message level                                                          ; Level2             ; Level2             ;
; Suppress Register Optimization Related Messages                            ; Off                ; Off                ;
; Number of Removed Registers Reported in Synthesis Report                   ; 5000               ; 5000               ;
; Number of Swept Nodes Reported in Synthesis Report                         ; 5000               ; 5000               ;
; Number of Inverted Registers Reported in Synthesis Report                  ; 100                ; 100                ;
; Clock MUX Protection                                                       ; On                 ; On                 ;
; Auto Gated Clock Conversion                                                ; Off                ; Off                ;
; Block Design Naming                                                        ; Auto               ; Auto               ;
; SDC constraint protection                                                  ; Off                ; Off                ;
; Synthesis Effort                                                           ; Auto               ; Auto               ;
; Shift Register Replacement - Allow Asynchronous Clear Signal               ; On                 ; On                 ;
; Pre-Mapping Resynthesis Optimization                                       ; Off                ; Off                ;
; Analysis & Synthesis Message Level                                         ; Medium             ; Medium             ;
; Disable Register Merging Across Hierarchies                                ; Auto               ; Auto               ;
; Resource Aware Inference For Block RAM                                     ; On                 ; On                 ;
; Synthesis Seed                                                             ; 1                  ; 1                  ;
+----------------------------------------------------------------------------+--------------------+--------------------+


Parallel compilation was disabled, but you have multiple processors available. Enable parallel compilation to reduce compilation time.
+-------------------------------------+
; Parallel Compilation                ;
+----------------------------+--------+
; Processors                 ; Number ;
+----------------------------+--------+
; Number detected on machine ; 4      ;
; Maximum allowed            ; 1      ;
+----------------------------+--------+


+-----------------------------------------------------------------------------------------------------------------------------------------------------------------+
; Analysis & Synthesis Source Files Read                                                                                                                          ;
+----------------------------------+-----------------+------------------------------------+-------------------------------------------------------------+---------+
; File Name with User-Entered Path ; Used in Netlist ; File Type                          ; File Name with Absolute Path                                ; Library ;
+----------------------------------+-----------------+------------------------------------+-------------------------------------------------------------+---------+
; sequence.vhd                     ; yes             ; User VHDL File                     ; C:/Users/Graeff/Documents/git/CD-Final/sequence.vhd         ;         ;
; control.vhd                      ; yes             ; User VHDL File                     ; C:/Users/Graeff/Documents/git/CD-Final/control.vhd          ;         ;
; lsfr.vhd                         ; yes             ; User VHDL File                     ; C:/Users/Graeff/Documents/git/CD-Final/lsfr.vhd             ;         ;
; genius.bdf                       ; yes             ; User Block Diagram/Schematic File  ; C:/Users/Graeff/Documents/git/CD-Final/genius.bdf           ;         ;
; difficulty_decod.vhd             ; yes             ; User VHDL File                     ; C:/Users/Graeff/Documents/git/CD-Final/difficulty_decod.vhd ;         ;
; mux21.vhd                        ; yes             ; User VHDL File                     ; C:/Users/Graeff/Documents/git/CD-Final/mux21.vhd            ;         ;
; led_decod.vhd                    ; yes             ; User VHDL File                     ; C:/Users/Graeff/Documents/git/CD-Final/led_decod.vhd        ;         ;
+----------------------------------+-----------------+------------------------------------+-------------------------------------------------------------+---------+


+---------------------------------------------------------+
; Analysis & Synthesis Resource Usage Summary             ;
+---------------------------------------------+-----------+
; Resource                                    ; Usage     ;
+---------------------------------------------+-----------+
; Estimated Total logic elements              ; 208       ;
;                                             ;           ;
; Total combinational functions               ; 205       ;
; Logic element usage by number of LUT inputs ;           ;
;     -- 4 input functions                    ; 68        ;
;     -- 3 input functions                    ; 54        ;
;     -- <=2 input functions                  ; 83        ;
;                                             ;           ;
; Logic elements by mode                      ;           ;
;     -- normal mode                          ; 201       ;
;     -- arithmetic mode                      ; 4         ;
;                                             ;           ;
; Total registers                             ; 86        ;
;     -- Dedicated logic registers            ; 86        ;
;     -- I/O registers                        ; 0         ;
;                                             ;           ;
; I/O pins                                    ; 24        ;
; Embedded Multiplier 9-bit elements          ; 0         ;
; Maximum fan-out node                        ; clk~input ;
; Maximum fan-out                             ; 86        ;
; Total fan-out                               ; 826       ;
; Average fan-out                             ; 2.44      ;
+---------------------------------------------+-----------+


+-----------------------------------------------------------------------------------------------------------------------------------------------------------------------------------------+
; Analysis & Synthesis Resource Utilization by Entity                                                                                                                                     ;
+-----------------------------+-------------------+--------------+-------------+--------------+---------+-----------+------+--------------+--------------------------------+--------------+
; Compilation Hierarchy Node  ; LC Combinationals ; LC Registers ; Memory Bits ; DSP Elements ; DSP 9x9 ; DSP 18x18 ; Pins ; Virtual Pins ; Full Hierarchy Name            ; Library Name ;
+-----------------------------+-------------------+--------------+-------------+--------------+---------+-----------+------+--------------+--------------------------------+--------------+
; |genius                     ; 205 (0)           ; 86 (0)       ; 0           ; 0            ; 0       ; 0         ; 24   ; 0            ; |genius                        ; work         ;
;    |control:inst|           ; 39 (39)           ; 10 (10)      ; 0           ; 0            ; 0       ; 0         ; 0    ; 0            ; |genius|control:inst           ; work         ;
;    |decod_led:inst8|        ; 4 (4)             ; 0 (0)        ; 0           ; 0            ; 0       ; 0         ; 0    ; 0            ; |genius|decod_led:inst8        ; work         ;
;    |difficulty_decod:inst9| ; 1 (1)             ; 0 (0)        ; 0           ; 0            ; 0       ; 0         ; 0    ; 0            ; |genius|difficulty_decod:inst9 ; work         ;
;    |lfsr:inst2|             ; 8 (8)             ; 7 (7)        ; 0           ; 0            ; 0       ; 0         ; 0    ; 0            ; |genius|lfsr:inst2             ; work         ;
;    |sequence:inst1|         ; 153 (153)         ; 69 (69)      ; 0           ; 0            ; 0       ; 0         ; 0    ; 0            ; |genius|sequence:inst1         ; work         ;
+-----------------------------+-------------------+--------------+-------------+--------------+---------+-----------+------+--------------+--------------------------------+--------------+
Note: For table entries with two numbers listed, the numbers in parentheses indicate the number of resources of the given type used by the specific entity alone. The numbers listed outside of parentheses indicate the total resources of the given type used by the specific entity and all of its sub-entities in the hierarchy.


Encoding Type:  One-Hot
+---------------------------------------------------------------------------------------+
; State Machine - |genius|control:inst|state                                            ;
+-----------------+-----------------+------------+------------+------------+------------+
; Name            ; state.game_over ; state.gen2 ; state.gen1 ; state.gen0 ; state.init ;
+-----------------+-----------------+------------+------------+------------+------------+
; state.init      ; 0               ; 0          ; 0          ; 0          ; 0          ;
; state.gen0      ; 0               ; 0          ; 0          ; 1          ; 1          ;
; state.gen1      ; 0               ; 0          ; 1          ; 0          ; 1          ;
; state.gen2      ; 0               ; 1          ; 0          ; 0          ; 1          ;
; state.game_over ; 1               ; 0          ; 0          ; 0          ; 1          ;
+-----------------+-----------------+------------+------------+------------+------------+


+-------------------------------------------------------------------------------------------------------------+
; User-Specified and Inferred Latches                                                                         ;
+-----------------------------------------------------+------------------------------+------------------------+
; Latch Name                                          ; Latch Enable Signal          ; Free of Timing Hazards ;
+-----------------------------------------------------+------------------------------+------------------------+
; control:inst|r_s_addr[4]                            ; control:inst|WideOr5         ; yes                    ;
; control:inst|r_s_we                                 ; control:inst|r_s_we          ; yes                    ;
; control:inst|r_s_addr[0]                            ; control:inst|WideOr5         ; yes                    ;
; control:inst|r_s_addr[1]                            ; control:inst|WideOr5         ; yes                    ;
; control:inst|r_s_addr[2]                            ; control:inst|WideOr5         ; yes                    ;
; control:inst|r_s_addr[3]                            ; control:inst|WideOr5         ; yes                    ;
; control:inst|r_l_sync_reset                         ; control:inst|state.game_over ; yes                    ;
; control:inst|r_l_en                                 ; control:inst|state           ; yes                    ;
; control:inst|dif[3]                                 ; control:inst|state.init      ; yes                    ;
; control:inst|dif[4]                                 ; control:inst|state.init      ; yes                    ;
; Number of user-specified and inferred latches = 10  ;                              ;                        ;
+-----------------------------------------------------+------------------------------+------------------------+
Note: All latches listed above may not be present at the end of synthesis due to various synthesis optimizations.


+------------------------------------------------------+
; General Register Statistics                          ;
+----------------------------------------------+-------+
; Statistic                                    ; Value ;
+----------------------------------------------+-------+
; Total registers                              ; 86    ;
; Number of registers using Synchronous Clear  ; 0     ;
; Number of registers using Synchronous Load   ; 2     ;
; Number of registers using Asynchronous Clear ; 12    ;
; Number of registers using Asynchronous Load  ; 0     ;
; Number of registers using Clock Enable       ; 76    ;
; Number of registers using Preset             ; 0     ;
+----------------------------------------------+-------+


+--------------------------------------------------+
; Inverted Register Statistics                     ;
+----------------------------------------+---------+
; Inverted Register                      ; Fan out ;
+----------------------------------------+---------+
; lfsr:inst2|r_lfsr[5]                   ; 33      ;
; lfsr:inst2|r_lfsr[6]                   ; 33      ;
; lfsr:inst2|r_lfsr[1]                   ; 2       ;
; lfsr:inst2|r_lfsr[7]                   ; 1       ;
; lfsr:inst2|r_lfsr[2]                   ; 1       ;
; lfsr:inst2|r_lfsr[3]                   ; 1       ;
; lfsr:inst2|r_lfsr[4]                   ; 1       ;
; Total number of inverted registers = 7 ;         ;
+----------------------------------------+---------+


+--------------------------------------------------------------------------------------------------------------------------------------------+
; Multiplexer Restructuring Statistics (Restructuring Performed)                                                                             ;
+--------------------+-----------+---------------+----------------------+------------------------+------------+------------------------------+
; Multiplexer Inputs ; Bus Width ; Baseline Area ; Area if Restructured ; Saving if Restructured ; Registered ; Example Multiplexer Output   ;
+--------------------+-----------+---------------+----------------------+------------------------+------------+------------------------------+
; 3:1                ; 7 bits    ; 14 LEs        ; 7 LEs                ; 7 LEs                  ; Yes        ; |genius|lfsr:inst2|r_lfsr[5] ;
+--------------------+-----------+---------------+----------------------+------------------------+------------+------------------------------+


+-------------------------------------------------------------+
; Parameter Settings for User Entity Instance: sequence:inst1 ;
+----------------+-------+------------------------------------+
; Parameter Name ; Value ; Type                               ;
+----------------+-------+------------------------------------+
; DATA_WIDTH     ; 2     ; Signed Integer                     ;
; ADDR_WIDTH     ; 5     ; Signed Integer                     ;
+----------------+-------+------------------------------------+
Note: In order to hide this table in the UI and the text report file, please set the "Show Parameter Settings in Synthesis Report" option in "Analysis and Synthesis Settings -> More Settings" to "Off".


+-------------------------------+
; Elapsed Time Per Partition    ;
+----------------+--------------+
; Partition Name ; Elapsed Time ;
+----------------+--------------+
; Top            ; 00:00:01     ;
+----------------+--------------+


+-------------------------------+
; Analysis & Synthesis Messages ;
+-------------------------------+
Info: *******************************************************************
Info: Running Quartus II 64-Bit Analysis & Synthesis
    Info: Version 13.1.0 Build 162 10/23/2013 SJ Web Edition
    Info: Processing started: Tue Jul 10 01:21:26 2018
Info: Command: quartus_map --read_settings_files=on --write_settings_files=off genius -c genius
Warning (20028): Parallel compilation is not licensed and has been disabled
Info (12021): Found 2 design units, including 1 entities, in source file sequence.vhd
    Info (12022): Found design unit 1: sequence-rtl
    Info (12023): Found entity 1: sequence
Info (12021): Found 2 design units, including 1 entities, in source file control.vhd
    Info (12022): Found design unit 1: control-arch
    Info (12023): Found entity 1: control
Info (12021): Found 2 design units, including 1 entities, in source file lsfr.vhd
    Info (12022): Found design unit 1: lfsr-rtl
    Info (12023): Found entity 1: lfsr
Info (12021): Found 1 design units, including 1 entities, in source file genius.bdf
    Info (12023): Found entity 1: genius
Info (12021): Found 2 design units, including 1 entities, in source file difficulty_decod.vhd
    Info (12022): Found design unit 1: difficulty_decod-arch
    Info (12023): Found entity 1: difficulty_decod
Info (12021): Found 2 design units, including 1 entities, in source file 7seg_decod.vhd
    Info (12022): Found design unit 1: decod_7seg-arch
    Info (12023): Found entity 1: decod_7seg
Info (12021): Found 2 design units, including 1 entities, in source file mux21.vhd
    Info (12022): Found design unit 1: mux21-rtl
    Info (12023): Found entity 1: mux21
Info (12021): Found 2 design units, including 1 entities, in source file led_decod.vhd
    Info (12022): Found design unit 1: decod_led-arch
    Info (12023): Found entity 1: decod_led
Info (12127): Elaborating entity "genius" for the top level hierarchy
Info (12128): Elaborating entity "mux21" for hierarchy "mux21:inst5"
Info (10041): Inferred latch for "o" at mux21.vhd(15)
Info (12128): Elaborating entity "decod_led" for hierarchy "decod_led:inst8"
Info (12128): Elaborating entity "sequence" for hierarchy "sequence:inst1"
Info (12128): Elaborating entity "control" for hierarchy "control:inst"
Warning (10541): VHDL Signal Declaration warning at control.vhd(16): used implicit default value for signal "score" because signal was never assigned a value or an explicit default value. Use of implicit default value may introduce unintended design optimizations.
Warning (10541): VHDL Signal Declaration warning at control.vhd(17): used implicit default value for signal "sel_turn" because signal was never assigned a value or an explicit default value. Use of implicit default value may introduce unintended design optimizations.
Warning (10631): VHDL Process Statement warning at control.vhd(69): inferring latch(es) for signal or variable "dif", which holds its previous value in one or more paths through the process
Warning (10631): VHDL Process Statement warning at control.vhd(69): inferring latch(es) for signal or variable "r_l_sync_reset", which holds its previous value in one or more paths through the process
Warning (10631): VHDL Process Statement warning at control.vhd(69): inferring latch(es) for signal or variable "r_l_en", which holds its previous value in one or more paths through the process
Warning (10631): VHDL Process Statement warning at control.vhd(69): inferring latch(es) for signal or variable "r_s_we", which holds its previous value in one or more paths through the process
Warning (10631): VHDL Process Statement warning at control.vhd(69): inferring latch(es) for signal or variable "r_s_addr", which holds its previous value in one or more paths through the process
Info (10041): Inferred latch for "r_s_addr[0]" at control.vhd(69)
Info (10041): Inferred latch for "r_s_addr[1]" at control.vhd(69)
Info (10041): Inferred latch for "r_s_addr[2]" at control.vhd(69)
Info (10041): Inferred latch for "r_s_addr[3]" at control.vhd(69)
Info (10041): Inferred latch for "r_s_addr[4]" at control.vhd(69)
Info (10041): Inferred latch for "r_s_we" at control.vhd(69)
Info (10041): Inferred latch for "r_l_en" at control.vhd(69)
Info (10041): Inferred latch for "r_l_sync_reset" at control.vhd(69)
Info (10041): Inferred latch for "dif[0]" at control.vhd(69)
Info (10041): Inferred latch for "dif[1]" at control.vhd(69)
Info (10041): Inferred latch for "dif[2]" at control.vhd(69)
Info (10041): Inferred latch for "dif[3]" at control.vhd(69)
Info (10041): Inferred latch for "dif[4]" at control.vhd(69)
Info (12128): Elaborating entity "difficulty_decod" for hierarchy "difficulty_decod:inst9"
Info (12128): Elaborating entity "lfsr" for hierarchy "lfsr:inst2"
Info (276014): Found 1 instances of uninferred RAM logic
    Info (276004): RAM logic "sequence:inst1|ram" is uninferred due to inappropriate RAM size
Warning (13012): Latch control:inst|r_s_addr[4] has unsafe behavior
    Warning (13013): Ports D and ENA on the latch are fed by the same signal control:inst|state.game_over
Warning (13012): Latch control:inst|r_s_addr[0] has unsafe behavior
    Warning (13013): Ports D and ENA on the latch are fed by the same signal control:inst|state.game_over
Warning (13012): Latch control:inst|r_s_addr[1] has unsafe behavior
    Warning (13013): Ports D and ENA on the latch are fed by the same signal control:inst|state.game_over
Warning (13012): Latch control:inst|r_s_addr[2] has unsafe behavior
    Warning (13013): Ports D and ENA on the latch are fed by the same signal control:inst|state.game_over
Warning (13012): Latch control:inst|r_s_addr[3] has unsafe behavior
    Warning (13013): Ports D and ENA on the latch are fed by the same signal control:inst|state.game_over
Warning (13012): Latch control:inst|r_l_en has unsafe behavior
    Warning (13013): Ports D and ENA on the latch are fed by the same signal control:inst|state.gen1
Info (13000): Registers with preset signals will power-up high
Info (13003): DEV_CLRn pin will set, and not reset, register with preset signal due to NOT Gate Push-Back
Warning (13024): Output pins are stuck at VCC or GND
    Warning (13410): Pin "score[4]" is stuck at GND
    Warning (13410): Pin "score[3]" is stuck at GND
    Warning (13410): Pin "score[2]" is stuck at GND
    Warning (13410): Pin "score[1]" is stuck at GND
    Warning (13410): Pin "score[0]" is stuck at GND
Info (286030): Timing-Driven Synthesis is running
Info (16010): Generating hard_block partition "hard_block:auto_generated_inst"
    Info (16011): Adding 0 node(s), including 0 DDIO, 0 PLL, 0 transceiver and 0 LCELL
Warning (21074): Design contains 4 input pin(s) that do not drive logic
    Warning (15610): No output dependent on input pin "button_0"
    Warning (15610): No output dependent on input pin "button_1"
    Warning (15610): No output dependent on input pin "button_2"
    Warning (15610): No output dependent on input pin "button_3"
Info (21057): Implemented 237 device resources after synthesis - the final resource count might be different
    Info (21058): Implemented 15 input pins
    Info (21059): Implemented 9 output pins
    Info (21061): Implemented 213 logic cells
Info: Quartus II 64-Bit Analysis & Synthesis was successful. 0 errors, 31 warnings
    Info: Peak virtual memory: 4696 megabytes
    Info: Processing ended: Tue Jul 10 01:21:32 2018
    Info: Elapsed time: 00:00:06
    Info: Total CPU time (on all processors): 00:00:04


